procs -----------memory---------- ---swap-- -----io---- -system-- ------cpu-----
 r  b   swpd   free   buff  cache   si   so    bi    bo   in   cs us sy id wa st
 2  0      0 919948  17424 245380    0    0  3929    31 1256 1385 10  8 79  4  0
11  0      0 784756  17976 332976    0    0  5139   460 9898 14214 24  9 63  4  0
 3  0      0 753224  18032 350232    0    0    66   380 7445 13306 28  7 64  1  0
 1  0      0 730568  18032 361440    0    0     0   449 7259 13114 27  7 66  0  0
 2  0      0 711824  18032 367852    0    0     0   159 7363 13260 27  7 66  0  0
 4  0      0 699488  18036 370616    0    0     0   189 7206 13182 26  6 67  0  0
 4  0      0 687580  18036 372984    0    0     0   200 7213 13122 27  7 66  0  0
 8  0      0 655828  18080 394904    0    0   216   381 7418 13179 28  7 64  0  0
 7  1      0 594588  18112 451044    0    0    14  2451 7460 13078 28  9 37 26  0
 3  1      0 591684  18112 453204    0    0     0  1562 7570 13298 26  7 46 21  0
 2  1      0 589848  18112 455096    0    0     0  1662 7473 13331 26  7 51 17  0
 2  0      0 592324  18112 456012    0    0     0   808 7379 13233 25  7 63  5  0
 6  0      0 590000  18112 457352    0    0     0   191 7365 13387 25  7 68  0  0
 2  1      0 569092  18116 475612    0    0     0   982 7547 13620 25  7 67  0  0
 5  1      0 509484  18136 531732    0    0     3  2405 7740 13553 26  9 42 22  0
 7  1      0 507832  18136 532932    0    0     0  2454 7736 13600 27  8 45 21  0
 5  0      0 509396  18136 533992    0    0     0   790 7632 13476 26  7 59  8  0
 9  0      0 508476  18136 535264    0    0     0   152 7362 13427 25  7 68  0  0
 8  0      0 507704  18136 536488    0    0     0   189 7282 13280 25  7 68  0  0
11  1      0 488328  18140 554364    0    0     0  1061 7663 13669 26  8 66  0  0
 6  2      0 436820  18156 603496    0    0     1  3579 7583 13362 25  8 47 21  0
procs -----------memory---------- ---swap-- -----io---- -system-- ------cpu-----
 r  b   swpd   free   buff  cache   si   so    bi    bo   in   cs us sy id wa st
 2  0      0 573708  18192 465716    0    0     4  1418 7660 13526 26  8 54 11  0
 4  0      0 572704  18192 466808    0    0     0   408 7486 13537 25  7 68  0  0
 5  0      0 572752  18192 468028    0    0     0   209 7428 13463 25  7 68  0  0
 3  0      0 571248  18192 469444    0    0     0   180 7515 13478 25  7 68  0  0
 0  1      0 549428  18196 489512    0    0     0  1178 7640 13612 26  7 66  0  0
 3  1      0 503900  18212 533272    0    0     1  3399 7809 13633 27  8 46 19  0
 7  0      0 489592  18236 538152    0    0    41   999 7668 13543 28  7 55 10  0
 0  0      0 488164  18248 539524    0    0     0   530 7514 13515 26  7 67  0  0
 1  0      0 486288  18280 540648    0    0     0   185 7251 13188 26  7 67  0  0
 0  0      0 485500  18312 542040    0    0     0   147 7310 13267 24  7 69  0  0
 4  0      0 458972  18452 566416    0    0     0  1235 7517 13540 25  8 67  0  0
 0  0      0 419436  18492 607144    0    0     1  4358 7583 13391 25  8 53 14  0
 0  0      0 417712  18524 608164    0    0     0   133 7495 13463 26  7 67  0  0
 1  0      0 416872  18564 609576    0    0     0   186 7531 13515 26  7 68  0  0
 0  0      0 415136  18596 610836    0    0     0   187 7422 13463 26  7 68  0  0
 2  0      0 414480  18632 612156    0    0     0   150 7380 13385 24  7 69  0  0
 4  1      0 393648  18768 631992    0    0     1  1244 7645 13644 24  7 68  0  0
 1  0      0 347536  18808 678492    0    0     1  3338 7651 13500 24  8 57 11  0
 0  0      0 347136  18840 679368    0    0     0  1251 7521 13472 24  7 69  0  0
 1  0      0 345648  18880 680524    0    0     0   204 7391 13320 26  7 68  0  0
 5  0      0 344720  18912 681692    0    0     0   128 7502 13454 24  7 68  0  0
procs -----------memory---------- ---swap-- -----io---- -system-- ------cpu-----
 r  b   swpd   free   buff  cache   si   so    bi    bo   in   cs us sy id wa st
 1  0      0 342792  18948 683132    0    0     0   183 7400 13371 24  7 69  0  0
 3  1      0 324696  19088 701664    0    0     1   376 7590 13620 24  8 68  0  0
 0  1      0 548296  19136 476428    0    0     1  4631 7720 13459 25 10 53 12  0
 3  0      0 585804  19216 439996    0    0     0   194 7506 13486 25  7 63  5  0
 0  0      0 583680  19248 441236    0    0     0   132 7487 13495 26  7 67  0  0
 1  0      0 583556  19284 442468    0    0     0   188 7506 13458 26  7 67  0  0
 0  0      0 580888  19316 443752    0    0     0   205 7466 13442 26  7 67  0  0
 1  1      0 563108  19436 462872    0    0     0   359 7785 13809 27  8 65  0  0
 1  0      0 515800  19496 509744    0    0     1  4343 7915 13810 26  8 58  8  0
 0  0      0 512700  19532 510948    0    0     0  1127 7353 13416 24  7 69  1  0
 4  0      0 512188  19564 512096    0    0     0   126 7432 13457 24  7 69  0  0
 0  0      0 509800  19608 513276    0    0     0   209 7565 13572 26  7 67  0  0
 4  0      0 508324  19636 514700    0    0     0   185 7528 13564 26  7 67  0  0
 0  1      0 487328  19784 533900    0    0     1   777 7694 13737 27  8 65  0  0
 2  2      0 447532  19812 573244    0    0     1  1444 7619 13507 26  8 34 32  0
 2  0      0 441468  19852 581796    0    0     0  3118 7659 13609 25  7 50 19  0
 4  0      0 440656  19896 583172    0    0     0   693 7602 13598 24  7 69  0  0
 0  0      0 439788  19928 584356    0    0     0   181 7197 13254 24  6 70  0  0
 1  0      0 438160  19956 585540    0    0     0   123 7513 13520 26  6 68  0  0
 0  1      0 417456  20100 604980    0    0     1   851 7652 13741 27  7 66  0  0
 0  0      0 372584  20140 650808    0    0     1  3508 7636 13485 24  8 49 19  0
procs -----------memory---------- ---swap-- -----io---- -system-- ------cpu-----
 r  b   swpd   free   buff  cache   si   so    bi    bo   in   cs us sy id wa st
 1  0      0 371316  20180 651836    0    0     0  1407 7581 13642 24  7 70  0  0
 1  0      0 369876  20216 653036    0    0     0   200 7383 13485 24  6 70  0  0
 2  0      0 367212  20252 654184    0    0     0   127 7624 13671 25  7 68  0  0
 2  0      0 366620  20276 655604    0    0     0   189 7640 13746 26  7 67  0  0
 1  1      0 347408  20416 675164    0    0     1   427 7654 13721 25  8 67  1  0
 2  0      0 306536  20460 715636    0    0     1  3873 7740 13650 24  8 53 15  0
 1  0      0 298864  20496 723168    0    0     0  1577 7610 13681 25  7 68  0  0
 1  0      0 297980  20520 724604    0    0     0   126 7566 13624 26  7 67  0  0
 1  0      0 296368  20564 725836    0    0     0   188 7529 13597 25  7 68  0  0
 1  0      0 295080  20596 727016    0    0     0   195 7518 13645 26  7 68  0  0
 5  0      0 270992  20740 750092    0    0     0  1186 7739 13833 26  7 66  0  0
 4  0      0 533752  20816 487360    0    0     1  3305 7941 13782 27 10 52 11  0
 1  0      0 533072  20852 488552    0    0     0   188 7510 13548 26  7 66  1  0
 1  0      0 531800  20884 489692    0    0     0   129 7572 13639 26  7 67  0  0
 3  0      0 530576  20924 490888    0    0     0   188 7627 13576 26  7 67  0  0
 1  0      0 529336  20948 492084    0    0     0   122 7484 13452 26  7 67  0  0
13  1      0 501180  21092 517940    0    0     1  1257 7915 13974 26  8 66  0  0
 7  1      0 460788  21140 558520    0    0     1  2951 7690 13518 26  8 47 19  0
 5  0      0 459716  21176 559356    0    0     0  1658 7681 13674 26  7 53 14  0
 3  0      0 460680  21212 560400    0    0     0   183 7363 13431 24  6 69  0  0
 2  0      0 459872  21248 561780    0    0     0   145 7404 13407 24  7 69  0  0
procs -----------memory---------- ---swap-- -----io---- -system-- ------cpu-----
 r  b   swpd   free   buff  cache   si   so    bi    bo   in   cs us sy id wa st
 6  0      0 458788  21288 562900    0    0     0   184 7497 13453 25  7 68  0  0
 2  1      0 434576  21444 584792    0    0     1  1857 7761 13775 26  8 65  0  0
 7  1      0 389956  21488 628940    0    0     1  2857 7700 13599 26  8 52 14  0
 6  0      0 388988  21520 631880    0    0     0  1259 7787 13817 26  7 63  4  0
 5  0      0 388264  21552 632924    0    0     0   125 7675 13674 26  7 67  0  0
 1  0      0 386496  21588 634204    0    0     0   190 7548 13615 26  7 67  0  0
 1  0      0 385472  21628 635484    0    0     0   209 7724 13844 26  7 68  0  0
 1  1      0 364628  21768 655564    0    0     1  1202 7930 13974 27  8 65  1  0
 3  0      0 315084  21816 704304    0    0     1  4616 7910 13829 27  8 45 20  0
 1  0      0 317464  21840 705004    0    0     0   178 7609 13651 24  7 64  5  0
 3  0      0 314024  21876 706128    0    0     0   126 7669 13702 26  7 67  0  0
 4  0      0 313004  21916 707276    0    0     0   211 7513 13552 26  7 67  0  0
 1  0      0 311608  21948 708544    0    0     0   185 7714 13798 27  7 67  0  0
 1  1      0 278996  22136 733192    0    0     1  1451 7817 13914 27  8 64  1  0
 2  1      0 243528  22160 769012    0    0     1  2874 7783 13675 27  8 47 19  0
 3  0      0 480820  22268 532252    0    0     0  1578 7766 13628 27  9 57  8  0
 3  0      0 480048  22300 533404    0    0     0   200 7637 13691 26  7 67  0  0
 1  0      0 479796  22336 534676    0    0     0   195 7567 13615 26  7 67  0  0
 1  0      0 474528  22460 539672    0    0     0   421 7743 13695 29  8 64  0  0
 1  1      0 455244  22568 557216    0    0     0   913 7673 13706 28  8 65  0  0
10  1      0 399876  22716 610564    0    0     1  4463 7906 13728 28  8 44 19  0
procs -----------memory---------- ---swap-- -----io---- -system-- ------cpu-----
 r  b   swpd   free   buff  cache   si   so    bi    bo   in   cs us sy id wa st
 1  0      0 401796  22752 611164    0    0     0   939 7797 13690 27  7 63  4  0
 1  0      0 400048  22788 612312    0    0     0   196 7486 13518 26  7 67  0  0
 1  0      0 401100  22824 613700    0    0     0   136 7490 13531 27  7 67  0  0
 1  0      0 397444  22856 614812    0    0     0   181 7551 13591 26  7 68  0  0
 3  1      0 371768  23008 639436    0    0     1  1190 7892 13990 27  8 65  0  0
 1  1      0 339928  23036 670944    0    0     1  3111 7805 13710 26  8 52 15  0
 2  0      0 327344  23084 682524    0    0     0  1582 7617 13642 26  7 65  2  0
 1  0      0 327280  23116 683896    0    0     0   135 7541 13631 25  7 68  0  0
 5  0      0 326100  23140 685180    0    0     0   204 7606 13590 26  7 67  0  0
 1  0      0 325496  23172 686332    0    0     0   184 7554 13588 25  7 68  0  0
 8  0      0 306060  23324 705032    0    0     0   785 7705 13693 26  8 66  1  0
 3  0      0 255348  23368 754316    0    0     1  4937 7903 13775 27  8 51 13  0
 4  0      0 255596  23404 755184    0    0     0   186 7685 13707 26  7 67  0  0
 4  0      0 255168  23436 756220    0    0     0   186 7714 13729 25  7 68  0  0
 2  0      0 253752  23460 757640    0    0     0   180 7524 13566 25  7 68  0  0
 4  0      0 251100  23504 758868    0    0     0   128 7468 13402 24  7 69  0  0
 3  0      0 225236  23652 783424    0    0     1  1301 7720 13826 25  7 67  1  0
 1  1      0 418292  23688 590652    0    0     1  4570 7822 13669 24  9 49 17  0
 1  0      0 430720  23752 579304    0    0     0   184 7511 13506 24  7 63  6  0
 1  0      0 429700  23788 580400    0    0     0   129 7509 13621 25  6 68  0  0
 3  0      0 428272  23820 581576    0    0     0   186 7437 13550 24  6 70  0  0
procs -----------memory---------- ---swap-- -----io---- -system-- ------cpu-----
 r  b   swpd   free   buff  cache   si   so    bi    bo   in   cs us sy id wa st
 4  0      0 426812  23856 582720    0    0     0   200 7461 13522 24  6 69  0  0
 6  0      0 397672  23972 610108    0    0     1  1178 7670 13711 25  7 67  0  0
 4  1      0 361732  24048 646924    0    0     1  3686 7722 13708 25  7 47 21  0
 1  0      0 358688  24084 651240    0    0     0  1043 7666 13713 26  7 66  2  0
 5  0      0 357232  24120 652396    0    0     0   183 7457 13567 25  6 68  0  0
 1  0      0 355960  24160 653800    0    0     0   209 7629 13676 26  7 68  0  0
 2  0      0 350288  24280 659000    0    0     0   455 7780 13786 28  7 65  0  0
 5  1      0 327348  24496 682012    0    0     5  1222 7950 14027 27  8 65  1  0
 3  0      0 280580  24528 730612    0    0     1  4146 7890 13747 26  8 50 16  0
 4  0      0 278656  24560 731912    0    0     0   998 7808 13892 26  7 68  0  0
 2  0      0 276224  24608 733192    0    0     0   197 7650 13744 25  7 68  0  0
 0  0      0 274684  24640 734788    0    0     0   204 7643 13723 25  7 68  0  0
 0  0      0 272920  24676 736324    0    0     0   124 7571 13563 25  7 68  0  0
 3  1      0 254252  24796 753672    0    0     0  1045 7697 13761 25  8 67  0  0
 1  1      0 203012  24840 806208    0    0     1  3830 7866 13545 27  9 45 20  0
 0  0      0 199924  24880 809696    0    0     0  1342 7693 13717 25  7 67  1  0
 0  0      0 198560  24920 811080    0    0     0   189 7546 13507 25  7 68  0  0
 7  0      0 194160  24952 812464    0    0     0   188 7591 13696 24  7 69  0  0
 2  0      0 195708  24988 813792    0    0     0   150 7635 13685 25  7 68  0  0
 1  1      0 177400  25108 830648    0    0     0  1044 7623 13651 24  7 68  0  0
 1  1      0 156464  25144 850616    0    0    22  4026 7694 13432 24  9 54 13  0
procs -----------memory---------- ---swap-- -----io---- -system-- ------cpu-----
 r  b   swpd   free   buff  cache   si   so    bi    bo   in   cs us sy id wa st
 0  0      0 417696  25216 591836    0    0     1   546 7922 13812 26  9 61  5  0
 1  0      0 415744  25256 593344    0    0     0   185 7551 13519 25  7 68  0  0
 0  0      0 414444  25288 594696    0    0     0   152 7310 13273 23  7 70  0  0
 0  0      0 413232  25324 596088    0    0     0   183 7343 13284 25  7 68  0  0
 1  1      0 394380  25436 614016    0    0     0  1053 7524 13520 25  7 68  1  0
 0  1      0 338944  25488 667984    0    0     1  4141 7866 13704 26  8 52 14  0
 0  0      0 338876  25520 669048    0    0     0  1134 7627 13535 26  7 62  5  0
 2  0      0 337384  25564 670272    0    0     0   194 7480 13406 26  7 67  0  0
 1  0      0 339320  25596 671596    0    0     0   128 7446 13395 26  7 67  0  0
 0  0      0 335800  25640 672948    0    0     0   186 7499 13361 26  7 66  0  0
 4  1      0 318320  25724 690220    0    0     0   989 7667 13640 27  8 65  0  0
 1  0      0 261076  25804 747208    0    0     1  4105 7746 13431 27  9 51 14  0
 1  0      0 261112  25836 747640    0    0     0  1371 7691 13510 26  7 66  1  0
 4  0      0 259888  25868 748964    0    0     0   186 7423 13318 25  7 67  0  0
 6  0      0 256796  25900 750404    0    0     0   128 7498 13450 26  8 66  0  0
 5  0      0 257048  25944 751532    0    0     0   189 7429 13383 26  7 67  0  0
 7  1      0 238688  26048 768692    0    0     0  1063 7704 13627 27  8 65  1  0
 7  1      0 199200  26092 806608    0    0     1  3600 7757 13501 27  8 52 14  0
 4  0      0 181836  26136 826732    0    0     1  1795 7536 13391 26  8 59  8  0
10  0      0 180964  26168 827788    0    0     0   146 7538 13439 26  7 67  0  0
 1  0      0 179632  26196 828980    0    0     0   180 7451 13324 26  7 67  0  0
procs -----------memory---------- ---swap-- -----io---- -system-- ------cpu-----
 r  b   swpd   free   buff  cache   si   so    bi    bo   in   cs us sy id wa st
 4  0      0 177536  26232 830304    0    0     0   184 7533 13447 26  7 67  0  0
 5  1      0 165440  26356 840168    0    0     1   979 7633 13619 26  7 66  0  0
 4  1      0 167676  26408 838076    0    0     2  2020 7391 13265 24  8 53 15  0
 3  1      0 264336  26460 741948    0    0     1  1814 7531 13221 25  8 53 14  0
12  0      0 435008  26532 572988    0    0     0   976 7549 13287 26  8 55 11  0
 3  0      0 433952  26564 574164    0    0     0   124 7486 13429 26  7 67  0  0
 3  0      0 432280  26596 575408    0    0     0   180 7478 13412 27  7 66  0  0
10  1      0 412516  26740 594472    0    0     1   446 7775 13653 27  8 64  1  0
 3  1      0 378504  26804 626916    0    0     2  3106 7604 13281 28  8 50 14  0
 3  1      0 363032  26876 638660    0    0     1  1599 7633 13311 29  8 56  8  0
 5  0      0 362944  26936 640940    0    0     0   656 7756 13476 30  8 57  6  0
 3  0      0 360124  26972 642136    0    0     0   156 7448 13372 26  7 67  0  0
 4  0      0 358880  26996 643180    0    0     0   174 7410 13188 26  7 67  0  0
 2  1      0 339092  27144 661916    0    0     1   797 7640 13454 27  8 64  1  0
 8  1      0 306912  27204 693084    0    0     1  2710 7555 13235 29  8 49 14  0
 4  0      0 285688  27240 716004    0    0     1  1569 7618 13272 27  8 53 13  0
 2  0      0 285988  27272 716680    0    0     0  1330 7570 13332 27  8 64  2  0
 5  0      0 284296  27308 717848    0    0     0   203 7503 13243 27  8 66  0  0
 7  0      0 281892  27340 719312    0    0     0   131 7426 13149 28  8 64  0  0
 3  1      0 259604  27508 742432    0    0     1  1251 7649 13422 28  8 63  0  0
 3  1      0 230520  27552 770124    0    0     1  2249 7681 13350 29  8 49 14  0
procs -----------memory---------- ---swap-- -----io---- -system-- ------cpu-----
 r  b   swpd   free   buff  cache   si   so    bi    bo   in   cs us sy id wa st
 0  0      0 210916  27600 788956    0    0     1  2517 7504 13131 29  8 54  9  0
 0  0      0 211240  27640 790188    0    0     0   196 7567 13243 27  8 65  0  0
 1  0      0 209256  27672 791488    0    0     0   132 7398 13222 27  8 65  0  0
 3  0      0 207300  27704 792612    0    0     0   187 7387 13002 28  7 65  0  0
 7  1      0 198676  27876 797952    0    0     0   470 7687 13339 29  8 62  1  0
 6  2      0 169600  27952 826716    0    0     2  2478 7636 13106 31  9 47 13  0
 5  1      0 163088  27996 831604    0    0     1  2323 7660 13057 32  9 43 16  0
 1  1      0 369304  28032 628064    0    0     0  1564 7821 13318 30  9 48 13  0
 2  0      0 411372  28096 586124    0    0     0   189 7491 13164 27  8 56  8  0
 5  0      0 380976  28144 608132    0    0  2107   137 10223 13385 38 14 47  0  0
 9  1      0 362228  28276 624892    0    0     6  1077 12355 14477 37 16 48  0  0
 3  0      0 333204  28364 660768    0    0     1  3427 9196 13575 30 11 48 11  0
 4  1      0 332212  28396 663112    0    0     0   355 7394 13072 26  7 58  9  0
 5  0      0 329052  28464 666352    0    0     4   201 7404 13095 28  7 64  1  0
 0  0      0 326852  28508 668620    0    0     0   477 7375 13076 27  7 65  0  0
 0  0      0 326064  28544 669948    0    0     0   129 7432 13161 28  7 65  0  0
 0  1      0 306632  28664 687168    0    0     1  1046 7625 13431 28  8 64  0  0
 2  1      0 263656  28732 731592    0    0     1  3270 7585 13144 28  8 50 14  0
 5  1      0 251156  28764 744668    0    0     0  2014 7551 13163 27  8 59  5  0
 5  0      0 250080  28788 745952    0    0     0   319 7423 13119 27  8 64  1  0
 0  0      0 249308  28820 747048    0    0     0   131 7322 13036 26  8 66  0  0
procs -----------memory---------- ---swap-- -----io---- -system-- ------cpu-----
 r  b   swpd   free   buff  cache   si   so    bi    bo   in   cs us sy id wa st
 3  0      0 247564  28848 748516    0    0     0   199 7478 13281 26  8 66  0  0
 2  1      0 228616  28972 765736    0    0     0  1042 7425 13346 26  7 66  1  0
 0  1      0 192156  29032 802444    0    0     1  3356 7548 13301 26  8 52 14  0
 4  0      0 169804  29104 825504    0    0     1  1963 7463 13097 26  8 58  7  0
 0  0      0 168688  29140 826640    0    0     0   406 7412 13169 27  7 65  0  0
 0  0      0 166856  29168 827988    0    0     0   205 7417 13248 26  7 67  0  0
 2  0      0 168344  29200 829240    0    0     0   189 7327 13205 27  7 66  0  0
 0  1      0 146872  29316 845372    0    0     0  1000 7612 13447 27  8 65  0  0
 1  1      0 140856  29392 852940    0    0    10  3303 7837 13688 28  9 50 14  0
 0  0      0 394788  29464 600272    0    0     0  1909 7656 13338 27  9 52 12  0
 2  0      0 393792  29504 601640    0    0     0   156 7526 13334 28  7 65  0  0
 4  0      0 392336  29528 602904    0    0     0   185 7443 13304 27  7 65  0  0
 2  0      0 389640  29560 604148    0    0     0   130 7387 13310 26  7 67  0  0
 1  1      0 373452  29696 620140    0    0     1  1027 7485 13474 27  8 65  1  0
 5  0      0 341588  29736 652720    0    0     1  3006 7262 13084 26  8 52 14  0
 4  0      0 320576  29784 673968    0    0     0  1884 7378 13264 25  8 60  8  0
 5  0      0 317936  29812 675412    0    0     0   433 7295 13272 26  7 65  2  0
 2  0      0 318000  29848 676568    0    0     0   204 7419 13334 25  7 67  0  0
 5  0      0 317068  29892 677856    0    0     0   131 7478 13341 25  7 67  0  0
 1  1      0 297852  30008 694772    0    0     0  1045 7567 13498 26  8 65  1  0
 4  1      0 256740  30076 735544    0    0     1  3419 7530 13251 26  8 52 13  0
procs -----------memory---------- ---swap-- -----io---- -system-- ------cpu-----
 r  b   swpd   free   buff  cache   si   so    bi    bo   in   cs us sy id wa st
 2  0      0 237712  30120 754704    0    0     0  2150 7415 13292 26  8 60  6  0
 4  0      0 238532  30152 755748    0    0     0   189 7383 13265 26  7 67  0  0
 0  0      0 236360  30184 756884    0    0     0   210 7239 13113 26  7 67  0  0
 5  0      0 235696  30216 758196    0    0     0   131 7295 13273 25  7 68  0  0
 1  1      0 217688  30324 775432    0    0     0  1038 7470 13463 26  7 66  1  0
 4  1      0 171764  30372 822276    0    0     1  3310 7438 13247 26  8 52 13  0
 0  0      0 369156  30444 626220    0    0     0   522 7427 13314 25  8 62  4  0
 4  0      0 367324  30476 627456    0    0     0   182 7347 13277 25  7 68  0  0
 1  0      0 364844  30504 628700    0    0     0   206 7410 13469 25  7 68  0  0
 4  0      0 365808  30544 629776    0    0     0   134 7417 13423 27  7 66  0  0
 4  1      0 347856  30656 647188    0    0     0   917 7503 13585 25  7 67  1  0
 4  1      0 320228  30716 674128    0    0     0  2229 7549 13300 27  8 50 15  0
 0  2      0 317660  30768 676096    0    0     0  1047 7469 13286 26  7 51 16  0
 3  1      0 291928  30820 703040    0    0     0  1623 7565 13325 26  8 51 16  0
 1  0      0 290320  30852 704172    0    0     0   902 7442 13301 27  7 66  0  0
 0  0      0 288708  30888 705424    0    0     0   191 7452 13311 26  7 68  0  0
 2  1      0 269028  31016 722928    0    0     0  1007 7588 13547 26  8 66  1  0
 0  2      0 234724  31048 758040    0    0     0  3316 7469 13181 25  8 37 30  0
 2  0      0 229948  31084 764468    0    0     0   831 7479 13348 24  7 61  8  0
 1  0      0 225788  31140 768672    0    0     0   141 7230 13134 24  7 69  0  0
 0  0      0 224492  31172 769848    0    0     0   441 7372 13219 25  7 68  0  0
procs -----------memory---------- ---swap-- -----io---- -system-- ------cpu-----
 r  b   swpd   free   buff  cache   si   so    bi    bo   in   cs us sy id wa st
 2  0      0 224308  31212 770924    0    0     0   191 7306 13224 25  7 68  0  0
 2  1      0 205796  31328 788204    0    0     0   910 7491 13383 26  8 65  1  0
 0  1      0 162972  31388 829116    0    0     0  2856 7593 13373 26  8 51 14  0
 1  2      0 295404  31416 695656    0    0     0  1473 7669 13455 25  8 50 16  0
 2  0      0 330464  31488 663724    0    0     0   441 7610 13413 26  8 61  5  0
 0  0      0 329324  31512 664996    0    0     0   137 7349 13255 25  7 68  0  0
 2  0      0 327960  31536 666184    0    0     0   204 7440 13416 25  7 68  0  0
 3  1      0 310292  31656 682724    0    0     0  1044 7640 13628 26  8 65  1  0
 0  2      0 265160  31680 726324    0    0     0  3401 7641 13326 26  9 45 20  0
 1  0      0 260044  31728 733932    0    0     0  1314 7658 13429 27  8 60  6  0
 1  0      0 258820  31752 735136    0    0     0   446 7508 13331 26  8 66  0  0
 1  0      0 253652  31804 739860    0    0     0   410 7597 13430 26  7 67  0  0
 0  0      0 251840  31820 740976    0    0     0   190 7318 13202 24  7 69  0  0
 0  1      0 234088  31924 757744    0    0     0   985 7546 13488 25  8 67  1  0
 0  1      0 186496  31948 804452    0    0     0  3616 7744 13494 26  9 50 15  0
 6  0      0 176384  32008 816948    0    0     0  1966 7554 13363 25  8 67  0  0
 6  0      0 174928  32032 818072    0    0     0   184 7455 13269 26  7 67  0  0
 1  0      0 170168  32088 822256    0    0     0   416 7297 13184 26  7 67  0  0
 4  0      0 156020  32272 834032    0    0     5   543 7672 13403 27  8 64  1  0
 8  2      0 124616  32392 861936    0    0     0  2493 7745 13657 27  8 64  1  0
15  2      0 110252  32448 878344    0    0     0  2808 7630 13406 27  8 47 19  0
procs -----------memory---------- ---swap-- -----io---- -system-- ------cpu-----
 r  b   swpd   free   buff  cache   si   so    bi    bo   in   cs us sy id wa st
 5  0      0 303880  32496 686084    0    0     0  1540 7568 13402 26  9 53 12  0
 3  0      0 299340  32544 689952    0    0     0   474 7415 13385 25  7 67  1  0
 5  0      0 295992  32608 693784    0    0     0   151 7580 13390 26  7 67  0  0
 2  0      0 295076  32632 694948    0    0     0   467 7428 13252 26  7 66  0  0
 6  2      0 262172  32768 724924    0    0     0  2108 7715 13595 27  8 64  1  0
 1  1      0 222828  32816 765608    0    0     1  2770 7850 13513 28  9 47 16  0
 1  0      0 214476  32856 775060    0    0     0  1832 7605 13377 26  8 64  2  0
 8  0      0 210828  32896 779364    0    0     0   468 7466 13393 25  8 67  0  0
 4  0      0 205520  32900 783672    0    0     0   464 7557 13339 26  8 66  0  0
 4  0      0 205056  32900 784956    0    0     0   399 7437 13227 27  7 65  0  0
 3  1      0 185956  32900 801884    0    0     0  1150 7781 13589 27  8 64  1  0
 6  1      0 134420  32900 853412    0    0     0  3947 7644 13343 27  9 51 14  0
 4  0      0 264276  32932 724844    0    0     0  1436 7648 13418 27  8 57  8  0
 3  0      0 261148  32932 728668    0    0     0   198 7460 13266 26  7 66  0  0
 5  0      0 259892  32932 729728    0    0     0   401 7686 13551 26  7 67  0  0
 1  0      0 255180  32932 733840    0    0     0   225 7542 13401 26  7 67  0  0
 1  1      0 238628  32932 750108    0    0     0   916 7623 13554 27  8 65  1  0
 1  1      0 186748  32932 801792    0    0     0  4247 7664 13332 26  8 50 15  0
 1  0      0 181832  32932 807280    0    0     0  1381 7452 13302 25  7 66  2  0
 1  0      0 180596  32932 808268    0    0     0   178 7347 13360 26  7 67  0  0
 3  0      0 178780  32932 809540    0    0     0   127 7514 13490 25  7 68  0  0
procs -----------memory---------- ---swap-- -----io---- -system-- ------cpu-----
 r  b   swpd   free   buff  cache   si   so    bi    bo   in   cs us sy id wa st
 1  0      0 178892  32940 811660    0    0     0   224 7492 13358 26  7 67  0  0
 1  1      0 158468  32940 830288    0    0     0  1070 7522 13462 26  8 65  1  0
10  3      0 211028  32940 777604    0    0     0  2216 7561 13297 27  8 46 19  0
 1  2      0 203712  32940 784252    0    0     0  1626 7630 13461 26  7 31 36  0
 4  0      0 239896  32972 748912    0    0     0   837 7478 13276 26  7 61  6  0
 2  0      0 238996  32980 750212    0    0     0   133 7464 13431 26  7 67  0  0
 1  0      0 238068  32992 751232    0    0     0   182 7546 13479 26  7 67  0  0
 1  1      0 218568  33004 769744    0    0     0  1128 7635 13565 27  8 65  1  0
 1  0      0 175496  33012 813644    0    0     0  3258 7673 13411 28  8 50 14  0
 9  0      0 174856  33020 814908    0    0     0  1174 7518 13425 26  7 66  0  0
 1  0      0 174720  33032 816088    0    0     0   130 7545 13442 26  7 66  0  0
 8  0      0 172268  33040 817348    0    0     0   184 7578 13514 26  7 67  0  0
 8  0      0 170536  33056 818532    0    0     0   183 7522 13467 26  7 67  0  0
15  2      0 152800  33068 835200    0    0     0   825 7654 13639 25  8 66  2  0
11  1      0 125240  33072 863716    0    0     0  2254 7751 13511 26  8 47 18  0
 1  0      0 222460  33144 767424    0    0     0  2735 7691 13409 26  9 56  9  0
 2  0      0 220132  33156 768784    0    0     0   450 7519 13429 26  7 67  0  0
 5  0      0 217112  33216 773124    0    0     0   170 7526 13399 26  7 67  0  0
 3  0      0 211564  33260 776828    0    0     0   466 7607 13574 25  7 67  0  0
 0  1      0 194508  33332 793920    0    0     0   897 7633 13623 26  7 66  1  0
 2  0      0 134044  33392 853100    0    0     0  5831 7858 13619 27  8 56  9  0
procs -----------memory---------- ---swap-- -----io---- -system-- ------cpu-----
 r  b   swpd   free   buff  cache   si   so    bi    bo   in   cs us sy id wa st
 4  0      0 129904  33448 857064    0    0     0   411 7622 13515 26  7 67  0  0
 5  0      0 126928  33500 861272    0    0     0   442 7622 13533 26  7 67  0  0
 3  0      0 121540  33556 865728    0    0     0   487 7454 13459 25  7 68  0  0
 1  0      0 120052  33600 867020    0    0     0   145 7407 13449 24  7 69  0  0
 5  1      0 101508  33704 884120    0    0    13   915 7732 13705 25  8 66  1  0
 4  2      0  85416  33732 898808    0    0     0  2918 7659 13384 25  8 37 30  0
 4  0      0 180616  33808 804392    0    0     0  2317 7696 13481 24  8 51 16  0
 1  0      0 176820  33852 808284    0    0     0   481 7506 13375 24  7 66  3  0
 3  0      0 173380  33908 812844    0    0     0   491 7434 13339 24  7 69  0  0
 3  0      0 169152  33956 817324    0    0     0   413 7503 13426 25  7 68  0  0
 7  0      0 140740  34044 842824    0    0     0  1308 7629 13522 25  8 67  1  0
 3  1      0 110256  34100 875468    0    0     0  2837 7650 13478 25  8 48 18  0
 3  0      0 193684  34188 792440    0    0     0  1455 7656 13526 25  8 59  8  0
 4  0      0 190260  34244 796124    0    0     0   480 7681 13595 25  8 68  0  0
 5  0      0 187968  34272 797228    0    0     0   446 7462 13397 24  7 68  0  0
 3  0      0 185088  34328 800648    0    0     0   133 7498 13441 24  7 69  0  0
 2  1      0 165848  34432 819176    0    0     0  1243 7658 13651 24  7 68  1  0
 4  0      0 134664  34500 851520    0    0     1  2183 7672 13454 25  8 52 16  0
 4  1      0 131512  34540 853540    0    0     0  3274 8017 13817 24  8 51 17  0
 2  0      0 170788  34628 816308    0    0     0   181 7554 13336 24  7 65  3  0
 4  0      0 165268  34676 819716    0    0     0   461 7494 13422 24  7 68  1  0
procs -----------memory---------- ---swap-- -----io---- -system-- ------cpu-----
 r  b   swpd   free   buff  cache   si   so    bi    bo   in   cs us sy id wa st
 2  0      0 163908  34696 821872    0    0     0   452 7563 13523 25  7 68  0  0
 6  1      0 143968  34804 841148    0    0     0   852 7553 13502 25  8 67  1  0
 6  1      0 102808  34832 880948    0    0     0  3785 7791 13618 24  8 49 20  0
 4  1      0 153904  34896 832196    0    0     0   611 7685 13530 24  8 60  8  0
 9  0      0 148932  34944 836252    0    0     0   669 7711 13603 24  7 68  1  0
13  0      0 147480  34976 837276    0    0     0   192 7439 13378 24  7 70  0  0
11  0      0 147820  34996 838516    0    0     0   142 7484 13487 24  7 69  0  0
 5  1      0 128300  35064 855420    0    0     0  1006 7658 13695 24  7 67  1  0
 9  1      0 105888  35084 878980    0    0     0  3544 7611 13384 25  8 52 15  0
 8  0      0 144232  35132 842400    0    0     0   190 7525 13503 23  7 68  2  0
14  0      0 141904  35160 843684    0    0     0   204 7410 13428 24  7 69  0  0
 1  0      0 140264  35192 844788    0    0     0   126 7599 13596 23  7 70  0  0
 1  0      0 139856  35216 846076    0    0     0   180 7445 13416 23  7 69  0  0
 1  1      0 119548  35320 863784    0    0     0  1496 7757 13770 24  8 67  1  0
 0  1      0  76812  35340 905700    0    0     0  2844 7697 13490 24  8 53 15  0
 6  0      0 135224  35396 848452    0    0     0  1490 7629 13510 24  8 60  9  0
 3  0      0 129456  35436 852552    0    0     0   456 7650 13517 24  7 69  0  0
 0  0      0 124780  35488 856848    0    0     0   408 7548 13518 23  7 70  0  0
 0  0      0 120388  35532 861204    0    0     0   471 7573 13433 24  7 69  0  0
 3  0      0  92612  35664 888000    0    0     0  1285 7741 13721 24  8 67  1  0
 4  2      0 117232  35696 863080    0    0     0  4354 7520 13272 23  9 44 24  0
procs -----------memory---------- ---swap-- -----io---- -system-- ------cpu-----
 r  b   swpd   free   buff  cache   si   so    bi    bo   in   cs us sy id wa st
 0  0      0 126552  35784 854008    0    0     0   193 7539 13571 22  7 67  4  0
 4  0      0 122224  35832 858140    0    0     0   217 7505 13532 24  7 70  0  0
 2  0      0 120720  35864 859444    0    0     0   399 7508 13534 23  7 69  0  0
 2  0      0 119880  35892 860652    0    0     0   184 7477 13490 24  7 69  0  0
 3  2      0  86948  35988 891516    0    0     0  2143 7554 13770 22  7 70  1  0
 0  2      0 121056  36068 858032    0    0     0  3582 7768 13711 23  8 52 17  0
 0  0      0 128420  36168 852272    0    0     0   414 7635 13625 24  7 67  3  0
 1  0      0 127052  36176 853336    0    0     0   179 7455 13617 22  6 72  0  0
 0  0      0 125996  36196 854432    0    0     0   193 7364 13522 22  6 71  0  0
 1  0      0 124376  36232 855784    0    0     0   138 7486 13571 23  7 70  0  0
 0  2      0  95096  36356 882396    0    0     0  1729 7643 13737 23  8 69  1  0
 5  2      0  83176  36372 895928    0    0     0  3383 7678 13535 24  8 50 18  0
 0  0      0 119480  36488 861168    0    0     0   395 7606 13551 24  7 60  9  0
 0  0      0 118984  36512 862264    0    0     0   196 7348 13299 24  7 69  0  0
 0  0      0 118824  36540 863544    0    0     0   183 7409 13280 24  7 69  0  0
 3  0      0 117092  36560 864568    0    0     0   123 7235 13126 24  7 69  0  0
 0  1      0  99220  36636 881120    0    0     0  1000 7526 13442 25  7 67  1  0
 4  0      0 123184  36716 857960    0    0     0  3620 7630 13270 25  9 54 12  0
 1  0      0 117804  36828 861756    0    0     0   155 7458 13319 26  7 67  0  0
 0  0      0 113060  36900 867228    0    0     0   523 7462 13252 27  8 65  0  0
 0  0      0 112848  36936 868136    0    0     0   428 7328 13308 24  7 69  0  0
procs -----------memory---------- ---swap-- -----io---- -system-- ------cpu-----
 r  b   swpd   free   buff  cache   si   so    bi    bo   in   cs us sy id wa st
 0  0      0 107592  36968 872568    0    0     0   466 7298 13103 26  7 67  0  0
 4  0      0  88632  37048 890292    0    0     0   974 7520 13415 27  8 64  1  0
 0  3      0  63028  37184 913016    0    0     0  3688 7708 13261 29  9 44 18  0
 1  0      0 124000  37316 854768    0    0     0  1930 8091 13813 28  9 54  9  0
 2  0      0 122076  37344 856644    0    0     0   158 7386 13241 28  8 64  0  0
 1  0      0 117492  37440 861148    0    0     0   262 7342 13203 29  8 63  0  0
 1  0      0 115728  37472 862492    0    0     0   548 7437 13296 28  8 64  0  0
 3  1      0  98292  37580 879244    0    0     0  1008 7512 13312 28  8 63  1  0
 5  2      0 122760  35476 855488    0    0     0  4530 7841 13306 28 10 47 15  0
 1  0      0 131096  35600 848808    0    0     0   556 7401 13142 28  8 61  4  0
 0  0      0 119924  35692 853296    0    0     0   562 7477 13163 28  8 65  0  0
 3  0      0 119180  35736 854568    0    0     0   134 7370 13218 27  7 66  0  0
 0  0      0 118592  35756 855924    0    0     0   195 7348 13163 29  8 64  0  0
 0  1      0 100904  35900 872488    0    0     0   989 7505 13326 29  8 61  1  0
 0  1      0  66692  35612 906052    0    0     0  2946 7415 13154 29  9 47 16  0
 0  0      0 138472  35708 835500    0    0     0  1564 7490 13151 29  9 53 10  0
 3  0      0 129868  35812 843072    0    0     0   291 7432 13105 30  8 61  1  0
 1  0      0 128228  35864 845052    0    0     0   728 7478 13242 30  8 62  0  0
 5  0      0 123116  35908 849356    0    0     0   237 7400 13065 30  8 62  0  0
 2  1      0  97712  36028 873672    0    0     0  1974 7608 13313 30  9 60  1  0
 7  1      0  91308  35632 881392    0    0     0  1496 7454 13017 30  9 42 19  0
procs -----------memory---------- ---swap-- -----io---- -system-- ------cpu-----
 r  b   swpd   free   buff  cache   si   so    bi    bo   in   cs us sy id wa st
 2  1      0 101216  35672 872436    0    0     0  1527 7387 13013 29  9 43 19  0
 1  2      0 121028  35736 852064    0    0     0  1675 7456 13058 29  9 31 30  0
 2  0      0 141680  35932 830492    0    0     0   824 7496 12962 31  9 56  3  0
 2  0      0 139448  35992 832268    0    0     0   472 7328 12897 29  8 62  1  0
 4  1      0 121724  36084 848364    0    0     0  1073 7576 13290 28  8 63  0  0
 1  1      0 102984  36104 868576    0    0     0  1829 7261 12830 27  8 52 14  0
 1  0      0 151224  36196 819604    0    0     0  1491 7454 13089 28  8 53 11  0
 1  0      0 150404  36236 820996    0    0     0   195 7223 12905 28  8 64  0  0
 4  0      0 147364  36332 824384    0    0     0   227 7400 13044 29  8 63  1  0
 4  0      0 144580  36376 826872    0    0     0   470 7307 12925 30  8 61  1  0
 0  1      0 127064  36480 843540    0    0     0  1053 7382 13156 28  8 63  1  0
 4  1      0 107088  36516 865068    0    0     0  2313 7464 13061 29  8 50 13  0
 5  0      0 161656  36616 809940    0    0     0  1481 7441 13068 28  8 55  9  0
 6  0      0 159668  36644 811200    0    0     0   185 7899 13557 28  8 64  0  0
 6  0      0 156108  36684 815532    0    0     0   401 7364 12964 28  8 64  0  0
 4  0      0 155164  36696 816576    0    0     0   226 7319 12957 27  8 65  0  0
 3  1      0 136832  36788 833524    0    0     0  1043 7602 13387 27  8 64  1  0
 3  1      0 111248  36820 858856    0    0     0  1895 7389 13089 28  8 48 16  0
 4  2      0 169576  36144 802556    0    0     0  2867 7484 13050 27  9 48 16  0
 4  0      0 182688  36248 790524    0    0     0   221 7597 13283 28  8 56  8  0
 2  0      0 180124  36288 791448    0    0     0   195 7143 12832 27  7 66  0  0
procs -----------memory---------- ---swap-- -----io---- -system-- ------cpu-----
 r  b   swpd   free   buff  cache   si   so    bi    bo   in   cs us sy id wa st
 1  0      0 180432  36324 792776    0    0     0   157 7287 13003 28  7 65  0  0
 2  1      0 164592  36396 808288    0    0     0   909 7398 13173 28  8 63  1  0
 1  1      0 134488  36456 836156    0    0     0  2140 7461 13097 29  8 47 16  0
 0  2      0 161420  36484 811248    0    0     0  1502 7467 13090 28  9 48 15  0
 2  0      0 170988  36576 801124    0    0     0   197 7179 12868 27  8 54 11  0
 0  0      0 171232  36604 802436    0    0     0   141 7340 13069 27  8 64  0  0
 0  0      0 167752  36656 805364    0    0     0   225 7293 13033 28  8 64  0  0
 1  2      0 142544  36728 829924    0    0     0  1270 7537 13363 28  8 62  2  0
 0  1      0 162368  36792 810584    0    0     0  2990 7293 12848 28  9 45 19  0
 0  0      0 161872  36852 810172    0    0     0   196 7256 12912 27  7 63  3  0
 0  0      0 161288  36888 811300    0    0     0   156 7337 13108 27  7 65  0  0
 0  0      0 159488  36920 812580    0    0     0   186 7292 13161 27  7 66  0  0
 2  0      0 154736  36960 817040    0    0     0   414 7167 13202 25  7 68  0  0
 0  1      0 138284  37012 832924    0    0     0  1038 7363 13445 26  8 65  1  0
 2  1      0 115844  37060 854700    0    0     0  3311 7434 13173 27  8 51 14  0
 1  1      0 172236  37192 796208    0    0     0  1183 7457 13196 29  9 54  8  0
 5  0      0 171944  37236 799032    0    0     0   525 7455 13267 28  8 64  0  0
 0  0      0 170368  37264 800316    0    0     0   230 7287 13115 28  8 65  0  0
 0  0      0 167204  37280 801720    0    0     0   127 7206 12974 27  8 65  0  0
 0  1      0 151868  37352 818240    0    0     0  1073 7455 13428 27  8 65  1  0
 6  0      0 121276  37384 846496    0    0     0  3549 7407 13169 27  8 51 13  0
procs -----------memory---------- ---swap-- -----io---- -system-- ------cpu-----
 r  b   swpd   free   buff  cache   si   so    bi    bo   in   cs us sy id wa st
 6  0      0 180716  37468 788000    0    0     0   195 7331 13156 28  8 63  1  0
 5  0      0 180548  37508 789640    0    0     0   206 7281 13069 28  8 64  0  0
 8  0      0 179700  37532 790844    0    0     0   151 7165 13101 28  7 65  0  0
 8  0      0 177840  37544 792072    0    0     0   215 7165 13079 26  7 67  0  0
 0  1      0 155048  37704 814100    0    0     0   863 7632 13393 29  8 61  2  0
 4  0      0 121328  37728 848120    0    0     0  4749 7460 13188 26  9 49 16  0
 3  1      0 193500  37820 773468    0    0     1   996 7659 13490 26  8 60  6  0
 2  0      0 194748  37844 774532    0    0     0   162 7089 12987 27  7 66  0  0
 0  0      0 187092  37952 782624    0    0     0   814 7672 13460 29  8 63  1  0
 3  0      0 186064  37984 784220    0    0     0   212 7223 13036 28  8 65  0  0
 3  1      0 157116  38128 811104    0    0     0  1919 7572 13519 28  8 63  1  0
 2  1      0 133764  36712 836432    0    0     0  2848 7483 13349 27  8 47 18  0
 0  0      0 188996  36836 782528    0    0     0   793 7377 13247 26  8 57  9  0
 1  0      0 185892  36892 786060    0    0     0   483 7292 13146 27  7 66  0  0
 0  0      0 183416  36912 788116    0    0     0   459 7214 13219 26  7 67  0  0
 4  0      0 182408  36944 789432    0    0     0   159 7285 13274 26  7 67  0  0
 1  1      0 161648  37064 808316    0    0     0   955 7473 13357 28  8 62  1  0
 3  1      0 132788  37112 836596    0    0     0  3080 7366 13094 27  8 47 17  0
 5  2      0 182936  37148 786288    0    0     0  1623 7399 13258 26  8 33 33  0
 4  0      0 187644  37240 782872    0    0     0   190 7326 13186 26  7 50 17  0
 1  0      0 187908  37260 783976    0    0     0   141 7288 13164 26  7 67  0  0
procs -----------memory---------- ---swap-- -----io---- -system-- ------cpu-----
 r  b   swpd   free   buff  cache   si   so    bi    bo   in   cs us sy id wa st
 7  0      0 184340  37292 785268    0    0     0   192 7230 13047 27  7 66  0  0
 1  1      0 169572  37392 800108    0    0     0   898 7423 13484 26  7 65  1  0
 2  3      0 136472  37428 832068    0    0     0  1871 7460 13303 25  8 39 28  0
 2  1      0 172020  37536 797972    0    0     0  2423 7520 13253 26  8 40 26  0
 2  1      0 183288  37600 788932    0    0     0   461 7455 13308 26  7 57  9  0
 2  0      0 179448  37640 792828    0    0     0   431 7304 13275 26  7 66  1  0
 3  0      0 175320  37688 796716    0    0     0   473 7259 13180 26  7 67  0  0
 5  0      0 162780  37780 808264    0    0     0   846 7460 13389 27  8 65  1  0
 1  3      0 123116  37840 848504    0    0     0  3583 7539 13180 27  9 47 17  0
 1  3      0 176804  37872 792000    0    0     0  1116 7641 13237 26  8 32 34  0
 1  0      0 182464  37980 787696    0    0     0   411 7294 13116 26  8 48 18  0
 2  0      0 180808  38008 788876    0    0     0   460 7505 13361 27  8 65  1  0
 1  0      0 176792  38068 792744    0    0     0   489 7348 13148 25  8 67  0  0
 6  0      0 147008  38172 821112    0    0     0  1265 7541 13330 26  8 65  1  0
 4  2      0 139136  38208 828240    0    0     0  3662 7537 13204 26  8 46 20  0
 2  0      0 173456  38312 798660    0    0     0   168 7428 13152 27  8 58  7  0
 3  0      0 171376  38344 800012    0    0     0   457 7461 13287 27  8 65  0  0
 1  0      0 167440  38408 804676    0    0     0   157 7323 13158 26  7 66  0  0
 1  0      0 165908  38428 805828    0    0     0   468 7407 13303 27  7 66  0  0
 1  1      0 151324  38536 823340    0    0     0  1490 7380 13280 24  8 67  1  0
 1  3      0 125468  38584 846628    0    0     0  2695 7356 13079 25  8 52 15  0
procs -----------memory---------- ---swap-- -----io---- -system-- ------cpu-----
 r  b   swpd   free   buff  cache   si   so    bi    bo   in   cs us sy id wa st
 1  1      0 179396  38668 794852    0    0     0  2231 7275 12907 25  8 40 27  0
 7  0      0 177748  38756 794560    0    0     0   482 7349 13173 27  7 64  3  0
 2  0      0 176604  38784 796960    0    0     0   460 7222 12988 26  7 67  0  0
 1  0      0 175148  38832 798364    0    0     0   134 7264 13103 26  7 66  0  0
 2  1      0 157728  38908 814884    0    0     0   917 7407 13336 26  8 65  1  0
 3  1      0 154324  33836 819728    0    0     0  2889 8092 13731 25  8 42 25  0
 7  0      0 207168  33932 768520    0    0     0  1440 7540 13302 24  8 57 11  0
 5  0      0 205800  33956 769680    0    0     0   128 7383 13271 25  7 69  0  0
 7  0      0 208008  33988 770632    0    0     0   203 7136 13021 25  7 68  0  0
 8  0      0 203540  34016 771956    0    0     0   184 7358 13259 25  7 69  0  0
 7  1      0 183684  34104 790580    0    0     0   903 7503 13424 25  7 66  2  0
 6  0      0 173712  34168 800944    0    0     0  3904 7497 13166 25  9 50 16  0
 9  0      0 204036  34220 770168    0    0     0   162 7427 13277 24  7 65  3  0
 4  0      0 197960  34272 774248    0    0     0   418 7353 13172 26  7 66  0  0
 4  0      0 198068  34312 775476    0    0     0   208 7419 13329 26  8 67  0  0
 5  0      0 197276  34340 776800    0    0     0   184 7341 13169 26  8 66  0  0
 8  1      0 180112  34428 793872    0    0     0   863 7486 13308 27  8 64  1  0
 5  1      0 185556  34492 787708    0    0     0  4322 7756 13310 27 10 51 12  0
 4  0      0 191784  34588 783072    0    0     0   181 7565 13366 27  8 62  3  0
 8  0      0 190080  34612 784304    0    0     0   458 7347 13214 25  7 68  0  0
 5  0      0 191724  34640 785444    0    0     0   188 7298 13161 25  7 67  0  0
procs -----------memory---------- ---swap-- -----io---- -system-- ------cpu-----
 r  b   swpd   free   buff  cache   si   so    bi    bo   in   cs us sy id wa st
 9  0      0 190424  34668 786696    0    0     0   130 7251 13117 27  7 66  0  0
 3  1      0 172064  34748 803216    0    0     0  1021 7471 13332 26  8 65  1  0
 5  2      0 197324  34808 778352    0    0     0  3617 7544 13201 27  9 49 16  0
 4  0      0 202860  34904 774156    0    0     0   157 7453 13298 26  8 60  7  0
 6  0      0 199044  34916 775552    0    0     0   201 7275 13185 26  7 67  0  0
 9  0      0 197932  34944 776452    0    0     0   126 7250 13093 24  7 69  0  0
 5  0      0 197044  34976 777732    0    0     0   207 7261 13142 24  7 69  0  0
 4  1      0 179616  35068 793452    0    0     0   687 7507 13428 26  8 66  1  0
19  1      0 190072  35136 783964    0    0     0  3929 7611 13276 27  9 50 14  0
 5  0      0 193480  35192 781412    0    0     0   184 7153 13065 24  7 68  2  0
 5  0      0 192272  35212 782568    0    0     0   127 7219 13065 24  7 69  0  0
 5  0      0 191744  35248 783732    0    0     0   203 7239 13129 24  7 69  0  0
 2  0      0 189988  35276 785004    0    0     0   184 7316 13207 25  7 67  0  0
 1  1      0 166744  35356 807236    0    0     0  1421 7627 13511 28  8 63  1  0
 2  2      0 162800  35388 812588    0    0     0  4340 7526 13231 25  9 50 17  0
 2  0      0 205568  35480 770536    0    0     0   129 7384 13293 23  7 60 10  0
 1  0      0 204028  35508 771852    0    0     0   195 7500 13355 25  8 66  1  0
 1  0      0 202900  35536 772892    0    0     0   202 7435 13366 26  8 66  0  0
 0  0      0 202672  35560 774100    0    0     0   140 7538 13549 25  7 67  0  0
 6  1      0 185716  35664 790100    0    0     0   713 7683 13651 27  8 64  1  0
 0  1      0 195036  35720 778284    0    0     0  3926 7670 13351 27  9 49 14  0
procs -----------memory---------- ---swap-- -----io---- -system-- ------cpu-----
 r  b   swpd   free   buff  cache   si   so    bi    bo   in   cs us sy id wa st
 3  0      0 194528  35764 777796    0    0     0   138 7402 13233 26  7 64  2  0
 2  0      0 194392  35796 778956    0    0     0   190 7457 13312 27  7 66  0  0
 3  0      0 192908  35812 779920    0    0     0   148 7454 13324 26  7 66  0  0
 0  0      0 191324  35832 781332    0    0     0   193 7444 13355 26  7 67  0  0
 4  2      0 162344  35916 807996    0    0     0  1864 8122 13993 26  8 65  1  0
 2  3      0 128540  35940 841788    0    0     0  2772 7561 13291 25  8 48 19  0
 1  0      0 196064  36032 776792    0    0     0   902 7630 13383 25  8 51 15  0
 1  0      0 195292  36052 777916    0    0     0   198 7480 13391 26  7 67  0  0
 2  0      0 193756  36068 779032    0    0     0   143 7300 13191 25  7 69  0  0
 1  0      0 191832  36096 780480    0    0     0   181 7296 13204 24  7 69  0  0
 1  1      0 172564  36200 799032    0    0     0   989 7618 13556 25  7 66  2  0
 3  2      0 147900  36248 822080    0    0     0  3882 7799 13468 26  9 42 23  0
 1  0      0 185480  36296 786464    0    0     0   204 7584 13435 25  7 63  5  0
 0  0      0 184800  36316 787548    0    0     0   138 7529 13475 26  7 67  0  0
 1  0      0 183592  36332 788696    0    0     0   185 7558 13399 26  7 67  0  0
 0  0      0 182144  36356 790100    0    0     0   130 7448 13350 26  7 66  0  0
 5  2      0 164532  36444 806156    0    0     0   792 7801 13687 27  8 63  2  0
 5  2      0 141532  36464 826336    0    0     0  3145 7794 13396 27  9 34 30  0
 2  0      0 177488  36552 794124    0    0     0  1817 7706 13488 25  8 50 17  0
 0  0      0 176348  36584 795068    0    0     0   154 7431 13317 25  8 68  0  0
 1  0      0 175136  36608 796364    0    0     0   182 7552 13440 26  8 67  0  0
procs -----------memory---------- ---swap-- -----io---- -system-- ------cpu-----
 r  b   swpd   free   buff  cache   si   so    bi    bo   in   cs us sy id wa st
 3  0      0 174204  36640 797708    0    0     0   186 7502 13408 26  8 66  0  0
 4  1      0 157100  36740 813792    0    0     0   703 7718 13628 27  8 64  1  0
 3  1      0 144952  36852 820184    0    0    22  4637 7765 13490 27  9 49 14  0
 9  0      0 160196  36932 805908    0    0     0   495 7655 13514 26  8 61  5  0
 2  0      0 160724  36964 807344    0    0     0   183 7570 13532 26  7 66  0  0
 1  0      0 159108  36988 808684    0    0     0   197 7559 13445 26  7 67  0  0
 0  0      0 158584  37012 809776    0    0     0   188 7504 13466 26  7 67  0  0
 1  1      0 141016  37088 825540    0    0     0   990 7754 13685 29  8 62  1  0
 3  1      0  98876  37140 866644    0    0     0  3675 7826 13565 27  9 45 19  0
 2  0      0 146204  37292 820920    0    0     0   655 7843 13701 28  8 57  7  0
 8  0      0 143880  37304 822184    0    0     0   444 7572 13540 24  7 69  0  0
 0  0      0 143448  37316 825288    0    0     0   223 7575 13494 25  7 68  0  0
 1  0      0 141216  37320 826540    0    0     0   370 7606 13674 25  7 68  0  0
 4  0      0 122776  37328 845508    0    0     0   819 7759 13713 26  8 65  1  0
 1  0      0 136800  37416 831972    0    0     0  3645 7812 13683 24  9 57 11  0
 9  0      0 135188  37448 833068    0    0     0   196 7560 13526 24  7 68  1  0
 2  0      0 134848  37472 834364    0    0     0   147 7607 13622 26  7 67  0  0
 2  0      0 128400  37548 839832    0    0     0   570 7615 13527 27  7 65  0  0
 3  0      0 125764  37580 841136    0    0     0   200 7576 13533 26  7 67  0  0
 2  1      0 102764  37672 864736    0    0     0  1534 7670 13642 25  8 66  1  0
 3  2      0 100536  37708 864612    0    0     0  3200 7862 13681 24  9 52 14  0
procs -----------memory---------- ---swap-- -----io---- -system-- ------cpu-----
 r  b   swpd   free   buff  cache   si   so    bi    bo   in   cs us sy id wa st
 3  0      0 132172  37808 834784    0    0     0  1497 8141 14005 26  8 61  6  0
 4  0      0 127080  37848 839188    0    0     0   155 7426 13324 26  8 67  0  0
 4  0      0 125608  37904 843364    0    0     0   720 7746 13684 25  7 67  0  0
 3  0      0 119632  37936 847404    0    0     0   405 7674 13597 25  8 67  0  0
 4  2      0 100908  38056 864216    0    0     0  1172 7580 13476 24  8 66  2  0
 1  2      0 108016  36832 856932    0    0     0  4367 7643 13368 25  8 44 23  0
 1  0      0 147156  36924 820164    0    0     0   203 7590 13434 24  7 62  7  0
 5  0      0 146208  36948 821488    0    0     0   406 7543 13481 24  7 69  0  0
 4  0      0 142892  36992 825160    0    0     0   442 7693 13590 26  7 67  0  0
 0  0      0 142180  37020 826312    0    0     0   197 7429 13415 24  7 69  0  0
 4  1      0 123592  37108 842808    0    0     0   990 7577 13572 24  7 67  1  0
 3  2      0 107732  37120 858488    0    0     0  3692 7688 13581 24  8 54 14  0
 7  0      0 142364  37208 825916    0    0     0   138 7575 13535 25  7 63  4  0
 2  0      0 138984  37228 827184    0    0     0   187 7625 13725 25  7 68  0  0
 4  0      0 139484  37244 828224    0    0     0   205 7532 13548 25  7 68  0  0
 0  0      0 137964  37272 829528    0    0     0   140 7581 13606 26  7 67  0  0
 6  0      0 115232  37420 851544    0    0     0  1000 8040 13909 29  8 61  2  0
 5  1      0 141912  37480 823144    0    0     0  4576 7979 13738 26  9 48 16  0
 1  0      0 146640  37536 820652    0    0     0   160 8014 13991 26  7 65  2  0
 2  0      0 145168  37548 821920    0    0     0   185 7612 13597 26  7 67  0  0
 1  0      0 140828  37612 826300    0    0     0   479 7711 13634 27  8 65  0  0
procs -----------memory---------- ---swap-- -----io---- -system-- ------cpu-----
 r  b   swpd   free   buff  cache   si   so    bi    bo   in   cs us sy id wa st
 2  0      0 137608  37636 827456    0    0     0   226 7673 13673 26  7 67  0  0
 2  1      0 111152  37708 853744    0    0     0  1796 7533 13522 25  8 67  1  0
 4  0      0  87620  37760 878780    0    0     0  2786 7692 13536 25  8 54 14  0
 6  0      0 136484  37848 831072    0    0     0  1848 7552 13331 26  9 54 11  0
 2  0      0 135440  37872 832420    0    0     0   193 7432 13304 26  8 66  0  0
 2  0      0 135060  37892 833316    0    0     0   136 7542 13529 26  8 67  0  0
 0  0      0 133264  37908 834580    0    0     0   205 7405 13357 25  7 68  0  0
 3  1      0 116428  37980 850104    0    0     0  1419 7647 13595 26  8 65  1  0
 2  1      0 130224  38056 835932    0    0     0  4246 7690 13333 25  9 46 19  0
 2  0      0 143908  38096 823740    0    0     0   245 7373 13093 25  7 65  3  0
 1  0      0 142976  38132 825036    0    0     0   186 7366 13240 26  7 67  0  0
 1  0      0 141552  38164 826180    0    0     0   135 7380 13222 26  7 67  0  0
 3  0      0 140184  38184 827424    0    0     0   180 7347 13147 25  7 68  0  0
 6  1      0 124008  38288 842752    0    0     0   991 7521 13309 26  7 66  1  0
 2  1      0  94340  38304 870180    0    0     0  3110 7532 13267 25  8 53 13  0
 0  0      0 146636  38388 821916    0    0     0   982 7493 13215 27  8 53 12  0
 4  0      0 142436  38408 823336    0    0     0   154 7428 13284 27  7 65  1  0
 1  0      0 140860  38432 826964    0    0     0   456 7225 13047 27  7 66  0  0
 2  0      0 135632  38464 831116    0    0     0   415 7325 13113 27  7 66  0  0
 2  1      0 108800  38584 855904    0    0     0  1598 8196 13966 28  8 62  2  0
 2  2      0 115764  38616 849220    0    0     0  2553 7430 13135 27  9 51 13  0
procs -----------memory---------- ---swap-- -----io---- -system-- ------cpu-----
 r  b   swpd   free   buff  cache   si   so    bi    bo   in   cs us sy id wa st
 1  1      0 135432  38664 830184    0    0     0  1376 7385 13154 27  8 34 31  0
 0  0      0 147044  38724 818772    0    0     0   216 7358 13281 26  7 57 10  0
 9  0      0 145028  38752 819948    0    0     0   138 7248 13075 26  7 66  1  0
 0  0      0 145396  38764 821252    0    0     0   179 7282 13121 27  7 66  0  0
 3  1      0 126916  38848 835636    0    0     0  1057 7436 13332 27  8 65  1  0
 2  1      0 109452  38880 855280    0    0     0  1699 7585 13326 27  8 47 18  0
 2  0      0 140696  38972 824940    0    0     0  1372 7322 12933 27  9 52 12  0
 4  0      0 139132  38996 826128    0    0     0   141 7460 13203 27  8 64  1  0
 1  0      0 138216  39032 827292    0    0     0   188 7185 12889 27  8 65  0  0
 1  0      0 135768  39060 828532    0    0     0   206 7310 13009 26  8 67  0  0
 2  1      0 121656  39136 843164    0    0     0  1381 7541 13260 28  8 62  1  0
 0  2      0 100352  39172 864496    0    0     0  2669 7328 12917 27  9 47 18  0
 0  1      0 129516  39224 835636    0    0     0  1348 7513 13134 26  8 45 21  0
 2  0      0 132156  39288 833492    0    0     0   216 7171 12876 26  7 63  4  0
 8  0      0 130744  39308 834640    0    0     0   182 7199 12810 26  7 66  0  0
 1  0      0 129784  39340 835836    0    0     0   128 7172 12802 26  7 67  0  0
 4  1      0 112888  39408 850984    0    0     0  1048 7296 13011 27  7 64  1  0
 1  2      0  96444  39428 866380    0    0     0  2968 7442 12964 27  9 46 18  0
 2  1      0 122916  39532 842440    0    0     0   217 7321 12918 28  8 55  8  0
 0  0      0 121776  39556 843696    0    0     0   462 7297 12948 28  8 64  0  0
 2  0      0 117092  39644 848276    0    0     0   494 7442 13025 30  8 62  0  0
procs -----------memory---------- ---swap-- -----io---- -system-- ------cpu-----
 r  b   swpd   free   buff  cache   si   so    bi    bo   in   cs us sy id wa st
 1  0      0 114796  39664 849580    0    0     0   223 7192 12870 27  7 66  0  0
 2  1      0  97400  39756 865752    0    0     0  1050 7364 13113 26  8 65  1  0
 1  2      0  85996  39780 876304    0    0     0  3035 7391 12903 27  9 51 13  0
 2  1      0 102844  39828 859876    0    0     0  1530 7393 13025 28  8 40 23  0
 0  0      0 120164  39896 844868    0    0     0   134 7261 12917 26  8 62  4  0
 4  0      0 118988  39916 845996    0    0     0   203 7201 12892 26  7 67  0  0
 7  0      0 117748  39936 847152    0    0     0   184 7261 12991 26  7 66  0  0
 0  1      0  90448  40012 873256    0    0     0  1816 7481 13204 28  8 63  1  0
 1  1      0  89152  40028 873856    0    0     0  2318 7372 12977 28  9 51 13  0
 1  0      0 114184  40116 850968    0    0     0   527 7389 12988 28  8 58  6  0
 1  0      0 112480  40132 852164    0    0     0   195 7227 12914 27  8 63  1  0
 1  0      0 110896  40144 853404    0    0     0   187 7187 12893 27  8 65  0  0
 0  0      0 108196  40176 856552    0    0     0   145 7187 12895 27  8 65  0  0
 1  1      0  89024  40244 873208    0    0     0  1315 7556 13273 28  9 63  1  0
 0  1      0  56988  40296 905332    0    0     0  3284 7480 12996 29  9 49 13  0
 9  0      0  96720  40480 865644    0    0     0  1888 7638 13072 32 10 47 11  0
 4  0      0  96336  40500 867264    0    0     0   161 8206 13796 31  9 60  0  0
 4  0      0  90632  40596 872140    0    0     0   270 7591 13225 31  8 60  0  0
 6  0      0  87500  40616 875444    0    0     5   557 7487 13279 27  8 65  0  0
 2  1      0  68716  40700 892264    0    0     0   850 7524 13440 28  8 63  2  0
10  1      0  48088  40732 913296    0    0     0  3409 7386 13048 27  8 48 17  0
procs -----------memory---------- ---swap-- -----io---- -system-- ------cpu-----
 r  b   swpd   free   buff  cache   si   so    bi    bo   in   cs us sy id wa st
 5  0      0 100960  40816 862368    0    0     0  1465 7426 13276 25  8 56 11  0
 1  0      0 100504  40844 863176    0    0     0   187 7090 12993 25  7 68  0  0
 9  0      0  99216  40868 864460    0    0     0   212 7339 13101 27  8 65  0  0
 2  0      0  98148  40896 865676    0    0     0   128 7218 13074 27  8 66  0  0
 2  1      0  81524  40956 881624    0    0     0  1054 7482 13326 28  8 63  1  0
 8  1      0  67444  40964 894816    0    0     0  3954 7773 13432 29  9 46 16  0
 0  0      0  98316  41044 864872    0    0     0   160 7269 13025 27  8 62  3  0
 6  0      0  95740  41064 866136    0    0     0   187 7290 13102 27  7 66  0  0
 5  0      0  96008  41076 867384    0    0     0   132 7221 13128 26  7 66  0  0
 5  0      0  94624  41096 868520    0    0     0   187 7203 13036 26  7 66  0  0
 9  0      0  75644  41168 886776    0    0     0  1054 7342 13303 24  8 67  1  0
13  2      0  62652  41184 898632    0    0     0  3567 7174 12941 24  8 48 20  0
 4  0      0  95636  41268 867708    0    0     0  1421 7318 13125 25  8 59  9  0
 8  0      0  94024  41292 868812    0    0     0   183 7058 13030 24  8 68  0  0
 6  0      0  89968  41312 869876    0    0     0   122 7172 13113 25  7 67  0  0
 5  0      0  91964  41332 871016    0    0     0   185 7209 13129 25  7 68  0  0
 5  1      0  75460  41396 886556    0    0     0   992 7307 13299 26  8 65  1  0
 4  1      0  62524  41424 897948    0    0     0  3128 7306 13055 26  9 52 13  0
 4  0      0  86504  41500 874944    0    0     0   583 7299 13121 27  8 55 10  0
 3  0      0  85888  41528 876132    0    0     0   137 7265 13207 25  7 68  0  0
 5  0      0  84864  41552 877396    0    0     0   203 7310 13207 27  7 65  0  0
procs -----------memory---------- ---swap-- -----io---- -system-- ------cpu-----
 r  b   swpd   free   buff  cache   si   so    bi    bo   in   cs us sy id wa st
 5  0      0  83576  41572 878552    0    0     0   189 7281 13195 27  7 66  0  0
 6  1      0  65932  41636 894052    0    0     0   988 7450 13406 27  7 65  1  0
 3  3      0  56524  41664 903876    0    0     0  2228 7446 13128 27  9 38 27  0
 6  1      0  61824  41724 896020    0    0     0  2312 7519 13252 27  8 40 25  0
11  0      0  84012  41784 878184    0    0     0   208 7216 13077 25  7 64  4  0
 7  0      0  80524  41804 879208    0    0     0   184 7283 13223 26  7 66  0  0
20  0      0  81628  41832 880512    0    0     0   132 7318 13261 25  7 68  0  0
14  1      0  63904  41892 895564    0    0     0   865 7305 13271 25  7 67  1  0
 5  1      0  36748  41912 923340    0    0     0  2176 7364 13177 24  8 54 14  0
 1  1      0  91688  42000 870328    0    0     0  2074 7536 13348 25  8 53 14  0
 4  0      0  89060  42012 871576    0    0     0   197 7265 13168 25  7 68  0  0
13  0      0  88084  42036 872776    0    0     0   129 7361 13317 26  7 66  0  0
 0  0      0  86692  42072 873848    0    0     0   191 7322 13328 26  7 67  0  0
 6  1      0  71036  42156 888680    0    0     0   691 7432 13428 27  8 65  1  0
 4  1      0  36232  42216 922828    0    0     0  3290 8069 13940 25  8 50 17  0
 2  0      0  86664  42304 873252    0    0     0  1361 7288 13176 26  8 50 16  0
 0  0      0  86844  42332 874416    0    0     0   199 7260 13335 25  7 68  0  0
 0  0      0  85196  42352 875536    0    0     0   209 7253 13212 25  7 68  0  0
 0  0      0  82376  42384 876724    0    0     0   125 7322 13295 26  7 67  0  0
 5  1      0  68080  42460 891864    0    0     0   818 7444 13474 27  8 64  1  0
 3  2      0  45480  42480 914032    0    0     0  3791 7566 13316 25  8 52 15  0
procs -----------memory---------- ---swap-- -----io---- -system-- ------cpu-----
 r  b   swpd   free   buff  cache   si   so    bi    bo   in   cs us sy id wa st
 5  0      0  79368  42564 880512    0    0     0   192 7426 13362 26  7 56 10  0
 5  0      0  80168  42588 881848    0    0     0   209 7303 13290 26  7 67  0  0
 3  0      0  78960  42608 882992    0    0     0   129 7213 13174 25  7 68  0  0
 2  0      0  78220  42632 884080    0    0     0   185 7299 13317 26  7 67  0  0
10  1      0  12332  42708 941408    0    0  4260   847 10927 13855 37 16 46  1  0
 1  2      0  17576  42724 940296    0    0  9408  2830 12681 14364 36 18 31 16  0
 7  0      0  71444  42820 889720    0    0     0  1730 7466 13246 25  8 47 19  0
 0  0      0  70572  42840 890780    0    0     0   123 7293 13322 24  7 69  0  0
 1  0      0  69092  42868 892064    0    0     0   202 7236 13224 25  7 68  0  0
 1  0      0  68488  42904 893200    0    0     0   188 7234 13214 25  7 68  0  0
 0  2      0  53432  42984 906800    0    0     0   809 7474 13398 26  8 63  3  0
 0  2      0  30824  43008 929908    0    0     0  3567 7332 13123 26  9 48 18  0
 2  0      0  63512  43116 896900    0    0     0   585 7478 13374 26  8 60  6  0
 1  0      0  62424  43132 898128    0    0     0   155 7340 13208 26  7 67  0  0
